<?xml version="1.0" encoding="UTF-8"?>
<!-- Generated by org.testng.reporters.JUnitReportReporter -->
<testsuite hostname="PQA-0591LT" failures="0" tests="1" name="test.PriceChange_Validation" time="2.005" errors="0" timestamp="2023-07-13T18:22:38 EDT" skipped="0">
  <testcase classname="test.PriceChange_Validation" name="PriceChangeValidation_24H" time="2.005"/>
  <system-out/>
</testsuite> <!-- test.PriceChange_Validation -->
