<?xml version="1.0" encoding="UTF-8"?>
<!-- Generated by org.testng.reporters.JUnitReportReporter -->
<testsuite hostname="PQA-0591LT" failures="0" tests="1" name="test.Filter_BTC_ETH_Assets" time="0.549" errors="0" timestamp="2023-07-13T18:22:38 EDT" skipped="0">
  <testcase classname="test.Filter_BTC_ETH_Assets" name="FilterAssests" time="0.549"/>
  <system-out/>
</testsuite> <!-- test.Filter_BTC_ETH_Assets -->
